<?xml version="1.0" encoding="UTF-8"?>
<!-- Generated by org.testng.reporters.JUnitReportReporter -->
<testsuite hostname="CBT-019" name="com.qsp.pack1.DemoA" tests="1" failures="0" timestamp="6 Aug 2016 10:22:57 GMT" time="20.298" errors="0">
  <testcase name="testA" time="20.298" classname="com.qsp.pack1.DemoA"/>
</testsuite> <!-- com.qsp.pack1.DemoA -->
