<?xml version="1.0" encoding="UTF-8"?>
<!-- Generated by org.testng.reporters.JUnitReportReporter -->
<testsuite hostname="CBT-019" name="com.qsp.pack1.ClassB" tests="1" failures="0" timestamp="6 Aug 2016 11:22:03 GMT" time="32.151" errors="0">
  <testcase name="funA" time="32.151" classname="com.qsp.pack1.ClassB"/>
</testsuite> <!-- com.qsp.pack1.ClassB -->
