<?xml version="1.0" encoding="UTF-8"?>
<!-- Generated by org.testng.reporters.JUnitReportReporter -->
<testsuite hostname="CBT-019" name="com.qsp.pack1.ClassB" tests="1" failures="0" timestamp="7 Aug 2016 09:06:21 GMT" time="40.535" errors="0">
  <testcase name="funA" time="40.535" classname="com.qsp.pack1.ClassB"/>
</testsuite> <!-- com.qsp.pack1.ClassB -->
